<?xml version="1.0" encoding="UTF-8"?>
<!-- Generated by org.testng.reporters.JUnitReportReporter -->
<testsuite skipped="0" hostname="LAPTOP-8KTHF9HK" name="ExtentReports.ReportClass" tests="2" failures="0" timestamp="2023-03-03T19:09:59 IST" time="0.016" errors="0">
  <testcase name="Project" time="0.014" classname="ExtentReports.ReportClass"/>
  <system-out/>
  <testcase name="Project1" time="0.002" classname="ExtentReports.ReportClass"/>
  <system-out/>
</testsuite> <!-- ExtentReports.ReportClass -->
